<?xml version="1.0" encoding="UTF-8"?>
<testsuite name="com.khalfi.calculator.CalculatorApplicationTests" tests="1" skipped="0" failures="0" errors="0" timestamp="2023-12-18T09:29:25" hostname="omar-ASUS-TUF-Dash-F15-FX516PE-FX516PE" time="0.696">
  <properties/>
  <testcase name="contextLoads()" classname="com.khalfi.calculator.CalculatorApplicationTests" time="0.696"/>
  <system-out><![CDATA[09:29:23.582 [Test worker] INFO org.springframework.test.context.support.AnnotationConfigContextLoaderUtils -- Could not detect default configuration classes for test class [com.khalfi.calculator.CalculatorApplicationTests]: CalculatorApplicationTests does not declare any static, non-private, non-final, nested classes annotated with @Configuration.
09:29:23.712 [Test worker] INFO org.springframework.boot.test.context.SpringBootTestContextBootstrapper -- Found @SpringBootConfiguration com.khalfi.calculator.CalculatorApplication for test class com.khalfi.calculator.CalculatorApplicationTests

  .   ____          _            __ _ _
 /\\ / ___'_ __ _ _(_)_ __  __ _ \ \ \ \
( ( )\___ | '_ | '_| | '_ \/ _` | \ \ \ \
 \\/  ___)| |_)| | | | | || (_| |  ) ) ) )
  '  |____| .__|_| |_|_| |_\__, | / / / /
 =========|_|==============|___/=/_/_/_/
 :: Spring Boot ::                (v3.2.0)

2023-12-18T09:29:24.121Z  INFO 10527 --- [    Test worker] c.k.c.CalculatorApplicationTests         : Starting CalculatorApplicationTests using Java 17.0.9 with PID 10527 (started by omar in /home/omar/Downloads/calculator)
2023-12-18T09:29:24.122Z  INFO 10527 --- [    Test worker] c.k.c.CalculatorApplicationTests         : No active profile set, falling back to 1 default profile: "default"
2023-12-18T09:29:25.165Z  INFO 10527 --- [    Test worker] c.k.c.CalculatorApplicationTests         : Started CalculatorApplicationTests in 1.295 seconds (process running for 2.411)
]]></system-out>
  <system-err><![CDATA[]]></system-err>
</testsuite>
